Starting Test Suite 'first-suite'
--------------------
first-suite > (comb 3 2)
(comb 3 2)
FAILURE
name:       check-equal?
location:   test-suite.rkt:21:26
actual:     1
expected:   3
Check failure
--------------------
--------------------
first-suite > (comb 4 2)
(comb 4 2)
FAILURE
name:       check-equal?
location:   test-suite.rkt:22:26
actual:     1
expected:   6
Check failure
--------------------
--------------------
first-suite > (comb 10 2)
(comb 10 2)
FAILURE
name:       check-equal?
location:   test-suite.rkt:23:27
actual:     1
expected:   45
Check failure
--------------------
--------------------
first-suite > (comb 93 37)
(comb 93 37)
FAILURE
name:       check-equal?
location:   test-suite.rkt:24:28
actual:     1
expected:   118206769052646517220135262
Check failure
--------------------
Finished Test Suite 'first-suite'
26 success(es) 4 failure(s) 0 error(s) 30 test(s) run
Starting Test Suite 'second-suite'
--------------------
second-suite > (comb 5 2)
(comb 5 2)
FAILURE
name:       check-equal?
location:   test-suite.rkt:48:26
actual:     1
expected:   10
Check failure
--------------------
Finished Test Suite 'second-suite'
3 success(es) 1 failure(s) 0 error(s) 4 test(s) run
'(4 1)
